<?xml version="1.0" encoding="UTF-8"?>
<testsuite xmlns:xsi="http://www.w3.org/2001/XMLSchema-instance" xsi:noNamespaceSchemaLocation="https://maven.apache.org/surefire/maven-surefire-plugin/xsd/surefire-test-report-3.0.xsd" version="3.0" name="runners.TestRunner" time="58.213" tests="3" errors="0" skipped="0" failures="0">
  <properties>
[...]
</properties>
  <testcase name="Validación del precio de un producto" classname="Product - Store" time="11.813">
    <system-out><![CDATA[
Scenario: Validación del precio de un producto                                    # src/test/resources/features/store.feature:3
  Given estoy en la página de la tienda                                           # steps.StoreSteps.estoy_en_la_pagina_de_la_tienda()
  And me logueo con mi usuario "navasfernando75@gmail.com" y clave "JbnM201211@@" # steps.StoreSteps.me_logueo_con_mi_usuario_y_clave(java.lang.String,java.lang.String)
  When navego a la categoria "Clothes" y subcategoria "Men"                       # steps.StoreSteps.navego_a_la_categoria_y_subcategoria(java.lang.String,java.lang.String)
  And selecciono el primer producto                                               # steps.StoreSteps.selecciono_el_primer_producto()
Cantidad actual input: 2
  And cambio la cantidad a "2"                                                    # steps.StoreSteps.cambio_la_cantidad_a(java.lang.String)
  And agrego el producto al carrito                                               # steps.StoreSteps.agrego_el_producto_al_carrito()
  Then valido en el popup la confirmación del producto agregado                   # steps.StoreSteps.valido_en_el_popup_la_confirmacion_del_producto_agregado()
Precio unitario popup: 19.12
Cantidad popup: 2
Total esperado: 38.24
Total popup: 38.24
  And valido en el popup que el monto total sea calculado correctamente           # steps.StoreSteps.valido_en_el_popup_que_el_monto_total_sea_calculado_correctamente()
  When finalizo la compra                                                         # steps.StoreSteps.finalizo_la_compra()
  Then valido el titulo de la pagina del carrito                                  # steps.StoreSteps.valido_el_titulo_de_la_pagina_del_carrito()
Precio unitario carrito: 19.12
Cantidad carrito: 2
Subtotal esperado: 38.24
Subtotal carrito: 38.24
  And vuelvo a validar el calculo de precios en el carrito                        # steps.StoreSteps.vuelvo_a_validar_el_calculo_de_precios_en_el_carrito()
]]></system-out>
    <system-err><![CDATA[Mar 16, 2026 9:00:22 PM org.openqa.selenium.devtools.CdpVersionFinder findNearestMatch
WARNING: Unable to find CDP implementation matching 146
Mar 16, 2026 9:00:22 PM org.openqa.selenium.chromium.ChromiumDriver lambda$new$5
WARNING: Unable to find version of CDP to use for 146.0.7680.80. You may need to include a dependency on a specific version of the CDP using something similar to `org.seleniumhq.selenium:selenium-devtools-v86:4.18.1` where the version ("v86") matches the version of the chromium-based browser you're using and the version number of the artifact is the same as Selenium's.
]]></system-err>
  </testcase>
  <testcase name="Login fallido con credenciales inválidas" classname="Product - Store" time="6.663">
    <system-out><![CDATA[
Scenario: Login fallido con credenciales inválidas                                 # src/test/resources/features/store.feature:16
  Given estoy en la página de la tienda                                            # steps.StoreSteps.estoy_en_la_pagina_de_la_tienda()
  And me logueo con mi usuario "correo_invalido@test.com" y clave "clave_invalida" # steps.StoreSteps.me_logueo_con_mi_usuario_y_clave(java.lang.String,java.lang.String)
  Then valido que la autentificación no fue exitosa                                # steps.StoreSteps.valido_que_la_autentificacion_no_fue_exitosa()
]]></system-out>
    <system-err><![CDATA[Mar 16, 2026 9:00:33 PM org.openqa.selenium.devtools.CdpVersionFinder findNearestMatch
WARNING: Unable to find CDP implementation matching 146
Mar 16, 2026 9:00:33 PM org.openqa.selenium.chromium.ChromiumDriver lambda$new$5
WARNING: Unable to find version of CDP to use for 146.0.7680.80. You may need to include a dependency on a specific version of the CDP using something similar to `org.seleniumhq.selenium:selenium-devtools-v86:4.18.1` where the version ("v86") matches the version of the chromium-based browser you're using and the version number of the artifact is the same as Selenium's.
]]></system-err>
  </testcase>
  <testcase name="Navegación fallida con categoría inexistente" classname="Product - Store" time="39.029">
    <system-out><![CDATA[
Scenario: Navegación fallida con categoría inexistente                            # src/test/resources/features/store.feature:21
  Given estoy en la página de la tienda                                           # steps.StoreSteps.estoy_en_la_pagina_de_la_tienda()
  And me logueo con mi usuario "navasfernando75@gmail.com" y clave "JbnM201211@@" # steps.StoreSteps.me_logueo_con_mi_usuario_y_clave(java.lang.String,java.lang.String)
La categoría no existe: Autos
  When navego a la categoria "Autos" y subcategoria "Men"                         # steps.StoreSteps.navego_a_la_categoria_y_subcategoria(java.lang.String,java.lang.String)
  Then valido que la categoria no existe                                          # steps.StoreSteps.valido_que_la_categoria_no_existe()
]]></system-out>
    <system-err><![CDATA[Mar 16, 2026 9:00:40 PM org.openqa.selenium.devtools.CdpVersionFinder findNearestMatch
WARNING: Unable to find CDP implementation matching 146
Mar 16, 2026 9:00:40 PM org.openqa.selenium.chromium.ChromiumDriver lambda$new$5
WARNING: Unable to find version of CDP to use for 146.0.7680.80. You may need to include a dependency on a specific version of the CDP using something similar to `org.seleniumhq.selenium:selenium-devtools-v86:4.18.1` where the version ("v86") matches the version of the chromium-based browser you're using and the version number of the artifact is the same as Selenium's.
]]></system-err>
  </testcase>
</testsuite>